<?xml version="1.0" encoding="utf-8"?><testsuites><testsuite errors="0" failures="0" hostname="LAPTOP-G3GAB2EO" name="pytest" skipped="0" tests="0" time="0.265" timestamp="2020-08-03T17:24:00.152909"></testsuite></testsuites>