<?xml version="1.0" encoding="utf-8"?><testsuites><testsuite errors="0" failures="0" hostname="LAPTOP-G3GAB2EO" name="pytest" skipped="0" tests="10" time="76.683" timestamp="2020-07-29T11:00:58.663440"><testcase classname="TestCases.login.test_1_login.TestLogin" file="TestCases\login\test_1_login.py" line="14" name="test_login_1_error[data0]" time="15.714"></testcase><testcase classname="TestCases.login.test_1_login.TestLogin" file="TestCases\login\test_1_login.py" line="14" name="test_login_1_error[data1]" time="8.319"></testcase><testcase classname="TestCases.login.test_1_login.TestLogin" file="TestCases\login\test_1_login.py" line="31" name="test_login_2_sucess" time="8.425"></testcase><testcase classname="TestCases.login.test_1_login.TestLogin" file="TestCases\login\test_1_login.py" line="46" name="test_login_3_out" time="18.362"></testcase><testcase classname="TestCases.user_story.test_2_home.TestHome" file="TestCases\user_story\test_2_home.py" line="18" name="test_add_operation_system" time="8.054"></testcase><testcase classname="TestCases.user_story.test_2_home.TestHome" file="TestCases\user_story\test_2_home.py" line="35" name="test_add_work_dir" time="3.044"></testcase><testcase classname="TestCases.user_story.test_2_home.TestHome" file="TestCases\user_story\test_2_home.py" line="42" name="test_add_map" time="3.040"></testcase><testcase classname="TestCases.user_story.test_2_home.TestHome" file="TestCases\user_story\test_2_home.py" line="49" name="test_create_work_flow" time="3.033"></testcase><testcase classname="TestCases.user_story.test_2_home.TestHome" file="TestCases\user_story\test_2_home.py" line="56" name="test_pilt_run" time="3.017"></testcase><testcase classname="TestCases.user_story.test_2_home.TestHome" file="TestCases\user_story\test_2_home.py" line="77" name="test_delete_operation_system" time="5.480"></testcase></testsuite></testsuites>