<?xml version="1.0" encoding="utf-8"?><testsuites><testsuite errors="0" failures="0" hostname="LAPTOP-G3GAB2EO" name="pytest" skipped="0" tests="13" time="175.351" timestamp="2020-08-04T10:42:18.468230"><testcase classname="TestCases.user_story.test_2_story_one.TestUserStoryOne" file="TestCases\user_story\test_2_story_one.py" line="29" name="test_add_operation_system[data0]" time="17.219"></testcase><testcase classname="TestCases.user_story.test_2_story_one.TestUserStoryOne" file="TestCases\user_story\test_2_story_one.py" line="50" name="test_add_work_dir" time="4.805"></testcase><testcase classname="TestCases.user_story.test_2_story_one.TestUserStoryOne" file="TestCases\user_story\test_2_story_one.py" line="64" name="test_add_map" time="18.901"></testcase><testcase classname="TestCases.user_story.test_2_story_one.TestUserStoryOne" file="TestCases\user_story\test_2_story_one.py" line="80" name="test_add_datanode[data0]" time="25.940"></testcase><testcase classname="TestCases.user_story.test_2_story_one.TestUserStoryOne" file="TestCases\user_story\test_2_story_one.py" line="80" name="test_add_datanode[data1]" time="25.633"></testcase><testcase classname="TestCases.user_story.test_2_story_one.TestUserStoryOne" file="TestCases\user_story\test_2_story_one.py" line="101" name="test_pub_map" time="12.061"></testcase><testcase classname="TestCases.user_story.test_2_story_one.TestUserStoryOne" file="TestCases\user_story\test_2_story_one.py" line="113" name="test_create_work_flow" time="4.504"></testcase><testcase classname="TestCases.user_story.test_2_story_one.TestUserStoryOne" file="TestCases\user_story\test_2_story_one.py" line="133" name="test_pilt_run" time="18.737"></testcase><testcase classname="TestCases.user_story.test_2_story_one.TestUserStoryOne" file="TestCases\user_story\test_2_story_one.py" line="153" name="test_del_work_flow" time="12.615"></testcase><testcase classname="TestCases.user_story.test_2_story_one.TestUserStoryOne" file="TestCases\user_story\test_2_story_one.py" line="167" name="test_del_job" time="12.436"></testcase><testcase classname="TestCases.user_story.test_2_story_one.TestUserStoryOne" file="TestCases\user_story\test_2_story_one.py" line="181" name="test_del_map" time="10.344"></testcase><testcase classname="TestCases.user_story.test_2_story_one.TestUserStoryOne" file="TestCases\user_story\test_2_story_one.py" line="197" name="test_del_work_dir" time="3.306"></testcase><testcase classname="TestCases.user_story.test_2_story_one.TestUserStoryOne" file="TestCases\user_story\test_2_story_one.py" line="213" name="test_delete_operation_system" time="8.666"></testcase></testsuite></testsuites>